<?xml version="1.0" encoding="UTF-8"?>
<coverage generated="1363086493">
  <project timestamp="1363086493">
    <package name="IMDb_Markup_Syntax\Exceptions">
      <file name="/Users/henrikroos/NetBeansProjects/wordpress/wp-content/plugins/imdb-markup-syntax/Exceptions/class-curl-exception.php">
        <class name="Curl_Exception" namespace="IMDb_Markup_Syntax\Exceptions" fullPackage="Exception" package="Exception">
          <metrics methods="1" coveredmethods="1" conditionals="0" coveredconditionals="0" statements="11" coveredstatements="11" elements="12" coveredelements="12"/>
        </class>
        <line num="22" type="method" name="__construct" crap="4" count="2"/>
        <line num="24" type="stmt" count="2"/>
        <line num="25" type="stmt" count="1"/>
        <line num="26" type="stmt" count="1"/>
        <line num="27" type="stmt" count="1"/>
        <line num="28" type="stmt" count="1"/>
        <line num="29" type="stmt" count="1"/>
        <line num="30" type="stmt" count="1"/>
        <line num="31" type="stmt" count="1"/>
        <line num="32" type="stmt" count="1"/>
        <line num="34" type="stmt" count="2"/>
        <line num="35" type="stmt" count="2"/>
        <metrics loc="39" ncloc="27" classes="1" methods="1" coveredmethods="1" conditionals="0" coveredconditionals="0" statements="11" coveredstatements="11" elements="12" coveredelements="12"/>
      </file>
      <file name="/Users/henrikroos/NetBeansProjects/wordpress/wp-content/plugins/imdb-markup-syntax/Exceptions/class-error-runtime-exception.php">
        <class name="Error_Runtime_Exception" namespace="IMDb_Markup_Syntax\Exceptions" fullPackage="Exception" package="Exception">
          <metrics methods="1" coveredmethods="1" conditionals="0" coveredconditionals="0" statements="6" coveredstatements="6" elements="7" coveredelements="7"/>
        </class>
        <line num="23" type="method" name="__construct" crap="4" count="2"/>
        <line num="25" type="stmt" count="2"/>
        <line num="26" type="stmt" count="1"/>
        <line num="27" type="stmt" count="1"/>
        <line num="28" type="stmt" count="1"/>
        <line num="29" type="stmt" count="2"/>
        <line num="30" type="stmt" count="2"/>
        <metrics loc="34" ncloc="22" classes="1" methods="1" coveredmethods="1" conditionals="0" coveredconditionals="0" statements="6" coveredstatements="6" elements="7" coveredelements="7"/>
      </file>
      <file name="/Users/henrikroos/NetBeansProjects/wordpress/wp-content/plugins/imdb-markup-syntax/Exceptions/class-json-exception.php">
        <class name="Json_Exception" namespace="IMDb_Markup_Syntax\Exceptions" fullPackage="Exception" package="Exception">
          <metrics methods="1" coveredmethods="1" conditionals="0" coveredconditionals="0" statements="6" coveredstatements="6" elements="7" coveredelements="7"/>
        </class>
        <line num="31" type="method" name="__construct" crap="2" count="1"/>
        <line num="33" type="stmt" count="1"/>
        <line num="34" type="stmt" count="1"/>
        <line num="35" type="stmt" count="1"/>
        <line num="36" type="stmt" count="1"/>
        <line num="37" type="stmt" count="1"/>
        <line num="38" type="stmt" count="1"/>
        <metrics loc="42" ncloc="30" classes="1" methods="1" coveredmethods="1" conditionals="0" coveredconditionals="0" statements="6" coveredstatements="6" elements="7" coveredelements="7"/>
      </file>
      <file name="/Users/henrikroos/NetBeansProjects/wordpress/wp-content/plugins/imdb-markup-syntax/Exceptions/class-pcre-exception.php">
        <class name="PCRE_Exception" namespace="IMDb_Markup_Syntax\Exceptions" fullPackage="Exception" package="Exception">
          <metrics methods="1" coveredmethods="1" conditionals="0" coveredconditionals="0" statements="11" coveredstatements="11" elements="12" coveredelements="12"/>
        </class>
        <line num="33" type="method" name="__construct" crap="3" count="4"/>
        <line num="35" type="stmt" count="4"/>
        <line num="36" type="stmt" count="4"/>
        <line num="37" type="stmt" count="4"/>
        <line num="38" type="stmt" count="2"/>
        <line num="39" type="stmt" count="2"/>
        <line num="40" type="stmt" count="4"/>
        <line num="41" type="stmt" count="2"/>
        <line num="42" type="stmt" count="2"/>
        <line num="43" type="stmt" count="2"/>
        <line num="44" type="stmt" count="4"/>
        <line num="45" type="stmt" count="4"/>
        <metrics loc="49" ncloc="34" classes="1" methods="1" coveredmethods="1" conditionals="0" coveredconditionals="0" statements="11" coveredstatements="11" elements="12" coveredelements="12"/>
      </file>
    </package>
    <package name="IMDb_Markup_Syntax">
      <file name="/Users/henrikroos/NetBeansProjects/wordpress/wp-content/plugins/imdb-markup-syntax/class-markup-data.php">
        <class name="Markup_Data" namespace="IMDb_Markup_Syntax" fullPackage="Core" package="Core">
          <metrics methods="18" coveredmethods="4" conditionals="0" coveredconditionals="0" statements="31" coveredstatements="17" elements="49" coveredelements="21"/>
        </class>
        <line num="22" type="method" name="__construct" crap="1" count="3"/>
        <line num="24" type="stmt" count="3"/>
        <line num="25" type="stmt" count="3"/>
        <line num="31" type="method" name="tconst" crap="2" count="0"/>
        <line num="34" type="stmt" count="0"/>
        <line num="40" type="method" name="title" crap="2" count="0"/>
        <line num="43" type="stmt" count="0"/>
        <line num="50" type="method" name="type" crap="2" count="0"/>
        <line num="53" type="stmt" count="0"/>
        <line num="60" type="method" name="genres" crap="2" count="0"/>
        <line num="63" type="stmt" count="0"/>
        <line num="70" type="method" name="release_date" crap="2" count="0"/>
        <line num="73" type="stmt" count="0"/>
        <line num="79" type="method" name="runtime" crap="2" count="0"/>
        <line num="82" type="stmt" count="0"/>
        <line num="88" type="method" name="rating" crap="2" count="0"/>
        <line num="91" type="stmt" count="0"/>
        <line num="97" type="method" name="votes" crap="2" count="0"/>
        <line num="100" type="stmt" count="0"/>
        <line num="109" type="method" name="plot" crap="2" count="0"/>
        <line num="112" type="stmt" count="0"/>
        <line num="119" type="method" name="tagline" crap="2" count="0"/>
        <line num="122" type="stmt" count="0"/>
        <line num="128" type="method" name="cast" crap="2" count="0"/>
        <line num="131" type="stmt" count="0"/>
        <line num="137" type="method" name="writers" crap="3" count="3"/>
        <line num="139" type="stmt" count="3"/>
        <line num="140" type="method" name="anonymous function" crap="1" count="2"/>
        <line num="141" type="stmt" count="2"/>
        <line num="142" type="stmt" count="2"/>
        <line num="143" type="stmt" count="2"/>
        <line num="144" type="stmt" count="2"/>
        <line num="146" type="stmt" count="1"/>
        <line num="159" type="method" name="directors" crap="2" count="0"/>
        <line num="162" type="stmt" count="0"/>
        <line num="181" type="method" name="certificate" crap="2" count="0"/>
        <line num="184" type="stmt" count="0"/>
        <line num="187" type="method" name="poster" crap="2" count="0"/>
        <line num="190" type="stmt" count="0"/>
        <line num="213" type="method" name="writer" crap="3" count="2"/>
        <line num="215" type="stmt" count="2"/>
        <line num="216" type="stmt" count="2"/>
        <line num="217" type="stmt" count="1"/>
        <line num="218" type="stmt" count="1"/>
        <line num="219" type="stmt" count="2"/>
        <metrics loc="225" ncloc="79" classes="1" methods="18" coveredmethods="4" conditionals="0" coveredconditionals="0" statements="28" coveredstatements="14" elements="46" coveredelements="18"/>
      </file>
      <file name="/Users/henrikroos/NetBeansProjects/wordpress/wp-content/plugins/imdb-markup-syntax/class-movie-datasource.php">
        <class name="Movie_Datasource" namespace="IMDb_Markup_Syntax" fullPackage="Core" package="Core">
          <metrics methods="4" coveredmethods="4" conditionals="0" coveredconditionals="0" statements="29" coveredstatements="29" elements="33" coveredelements="33"/>
        </class>
        <line num="46" type="method" name="__construct" crap="2" count="9"/>
        <line num="48" type="stmt" count="9"/>
        <line num="49" type="stmt" count="1"/>
        <line num="51" type="stmt" count="8"/>
        <line num="52" type="stmt" count="8"/>
        <line num="53" type="stmt" count="8"/>
        <line num="54" type="stmt" count="8"/>
        <line num="63" type="method" name="getData" crap="1" count="4"/>
        <line num="65" type="stmt" count="4"/>
        <line num="66" type="stmt" count="4"/>
        <line num="75" type="method" name="toDataClass" crap="3" count="5"/>
        <line num="77" type="stmt" count="5"/>
        <line num="78" type="stmt" count="5"/>
        <line num="79" type="stmt" count="1"/>
        <line num="81" type="stmt" count="4"/>
        <line num="82" type="stmt" count="1"/>
        <line num="84" type="stmt" count="3"/>
        <line num="91" type="method" name="fetchResponse" crap="4" count="7"/>
        <line num="93" type="stmt" count="7"/>
        <line num="94" type="stmt" count="7"/>
        <line num="95" type="stmt" count="1"/>
        <line num="98" type="stmt" count="6"/>
        <line num="99" type="stmt" count="6"/>
        <line num="100" type="stmt" count="6"/>
        <line num="101" type="stmt" count="6"/>
        <line num="102" type="stmt" count="6"/>
        <line num="103" type="stmt" count="6"/>
        <line num="104" type="stmt" count="6"/>
        <line num="105" type="stmt" count="6"/>
        <line num="106" type="stmt" count="2"/>
        <line num="108" type="stmt" count="4"/>
        <line num="109" type="stmt" count="4"/>
        <line num="110" type="stmt" count="4"/>
        <metrics loc="114" ncloc="78" classes="1" methods="4" coveredmethods="4" conditionals="0" coveredconditionals="0" statements="29" coveredstatements="29" elements="33" coveredelements="33"/>
      </file>
      <file name="/Users/henrikroos/NetBeansProjects/wordpress/wp-content/plugins/imdb-markup-syntax/class-tag-processing.php">
        <class name="Tag_Processing" namespace="IMDb_Markup_Syntax" fullPackage="Core" package="Core">
          <metrics methods="3" coveredmethods="3" conditionals="0" coveredconditionals="0" statements="15" coveredstatements="15" elements="18" coveredelements="18"/>
        </class>
        <line num="43" type="method" name="__construct" crap="1" count="12"/>
        <line num="45" type="stmt" count="12"/>
        <line num="46" type="stmt" count="12"/>
        <line num="54" type="method" name="find_tconst" crap="3" count="6"/>
        <line num="56" type="stmt" count="6"/>
        <line num="57" type="stmt" count="6"/>
        <line num="58" type="stmt" count="2"/>
        <line num="60" type="stmt" count="4"/>
        <line num="61" type="stmt" count="2"/>
        <line num="62" type="stmt" count="2"/>
        <line num="64" type="stmt" count="2"/>
        <line num="65" type="stmt" count="2"/>
        <line num="73" type="method" name="find_imdb_tags" crap="2" count="6"/>
        <line num="75" type="stmt" count="6"/>
        <line num="76" type="stmt" count="6"/>
        <line num="77" type="stmt" count="2"/>
        <line num="79" type="stmt" count="4"/>
        <line num="80" type="stmt" count="4"/>
        <metrics loc="85" ncloc="56" classes="1" methods="3" coveredmethods="3" conditionals="0" coveredconditionals="0" statements="15" coveredstatements="15" elements="18" coveredelements="18"/>
      </file>
    </package>
    <file name="/Users/henrikroos/NetBeansProjects/wordpress/wp-content/plugins/imdb-markup-syntax/imdb-markup-syntax.php">
      <metrics loc="29" ncloc="4" classes="0" methods="0" coveredmethods="0" conditionals="0" coveredconditionals="0" statements="0" coveredstatements="0" elements="0" coveredelements="0"/>
    </file>
    <metrics files="8" loc="617" ncloc="330" classes="7" methods="29" coveredmethods="15" conditionals="0" coveredconditionals="0" statements="106" coveredstatements="92" elements="135" coveredelements="107"/>
  </project>
</coverage>
